Error: PEM_read_bio_PUBKEY failed
    at Error (native)
    at Verify.verify (crypto.js:311:23)
    at RSASHA256.verifySignature (/opt/gluu/node/passport/node_modules/xml-crypto/lib/signed-xml.js:137:24)
    at SignedXml.validateSignatureValue (/opt/gluu/node/passport/node_modules/xml-crypto/lib/signed-xml.js:277:20)
    at SignedXml.checkSignature (/opt/gluu/node/passport/node_modules/xml-crypto/lib/signed-xml.js:265:13)
    at SAML.validateSignature (/opt/gluu/node/passport/node_modules/passport-saml/lib/passport-saml/saml.js:498:14)
    at /opt/gluu/node/passport/node_modules/passport-saml/lib/passport-saml/saml.js:528:35
    at _fulfilled (/opt/gluu/node/passport/node_modules/q/q.js:794:54)
    at self.promiseDispatch.done (/opt/gluu/node/passport/node_modules/q/q.js:823:30)
    at Promise.promise.promiseDispatch (/opt/gluu/node/passport/node_modules/q/q.js:756:13)
    at /opt/gluu/node/passport/node_modules/q/q.js:516:49
    at flush (/opt/gluu/node/passport/node_modules/q/q.js:110:17)
    at _combinedTickCallback (internal/process/next_tick.js:67:7)
    at process._tickCallback (internal/process/next_tick.js:98:9)
Error: PEM_read_bio_PUBKEY failed
    at Error (native)
    at Verify.verify (crypto.js:311:23)
    at RSASHA256.verifySignature (/opt/gluu/node/passport/node_modules/xml-crypto/lib/signed-xml.js:137:24)
    at SignedXml.validateSignatureValue (/opt/gluu/node/passport/node_modules/xml-crypto/lib/signed-xml.js:277:20)
    at SignedXml.checkSignature (/opt/gluu/node/passport/node_modules/xml-crypto/lib/signed-xml.js:265:13)
    at SAML.validateSignature (/opt/gluu/node/passport/node_modules/passport-saml/lib/passport-saml/saml.js:498:14)
    at /opt/gluu/node/passport/node_modules/passport-saml/lib/passport-saml/saml.js:528:35
    at _fulfilled (/opt/gluu/node/passport/node_modules/q/q.js:794:54)
    at self.promiseDispatch.done (/opt/gluu/node/passport/node_modules/q/q.js:823:30)
    at Promise.promise.promiseDispatch (/opt/gluu/node/passport/node_modules/q/q.js:756:13)
    at /opt/gluu/node/passport/node_modules/q/q.js:516:49
    at flush (/opt/gluu/node/passport/node_modules/q/q.js:110:17)
    at _combinedTickCallback (internal/process/next_tick.js:67:7)
    at process._tickCallback (internal/process/next_tick.js:98:9)
TypeError: Converting circular structure to JSON
    at Object.stringify (native)
    at callbackResponse (/opt/gluu/node/passport/server/routes/index.js:46:75)
    at Layer.handle [as handle_request] (/opt/gluu/node/passport/node_modules/express/lib/router/layer.js:95:5)
    at next (/opt/gluu/node/passport/node_modules/express/lib/router/route.js:131:13)
    at complete (/opt/gluu/node/passport/node_modules/passport/lib/middleware/authenticate.js:250:13)
    at /opt/gluu/node/passport/node_modules/passport/lib/middleware/authenticate.js:257:15
    at pass (/opt/gluu/node/passport/node_modules/passport/lib/authenticator.js:421:14)
    at Authenticator.transformAuthInfo (/opt/gluu/node/passport/node_modules/passport/lib/authenticator.js:443:5)
    at /opt/gluu/node/passport/node_modules/passport/lib/middleware/authenticate.js:254:22
    at /opt/gluu/node/passport/node_modules/passport/lib/http/request.js:60:7
    at pass (/opt/gluu/node/passport/node_modules/passport/lib/authenticator.js:267:43)
    at serialized (/opt/gluu/node/passport/node_modules/passport/lib/authenticator.js:276:7)
    at /opt/gluu/node/passport/server/app.js:70:5
    at pass (/opt/gluu/node/passport/node_modules/passport/lib/authenticator.js:284:9)
    at Authenticator.serializeUser (/opt/gluu/node/passport/node_modules/passport/lib/authenticator.js:289:5)
    at IncomingMessage.req.login.req.logIn (/opt/gluu/node/passport/node_modules/passport/lib/http/request.js:50:29)
    at Strategy.strategy.success (/opt/gluu/node/passport/node_modules/passport/lib/middleware/authenticate.js:235:13)
    at verified (/opt/gluu/node/passport/node_modules/passport-saml/lib/passport-saml/strategy.js:55:14)
    at Strategy._verify (/opt/gluu/node/passport/server/auth/saml_proxy.js:25:24)
    at validateCallback (/opt/gluu/node/passport/node_modules/passport-saml/lib/passport-saml/strategy.js:61:14)
    at /opt/gluu/node/passport/node_modules/passport-saml/lib/passport-saml/saml.js:801:5
    at _fulfilled (/opt/gluu/node/passport/node_modules/q/q.js:794:54)
Tue, 01 Aug 2017 19:42:18 GMT express deprecated res.send(status, body): Use res.status(status).send(body) instead at app.js:83:16
Tue, 01 Aug 2017 20:39:09 GMT express deprecated res.send(status, body): Use res.status(status).send(body) instead at app.js:83:16
Tue, 01 Aug 2017 23:11:54 GMT express deprecated res.send(status, body): Use res.status(status).send(body) instead at app.js:83:16
Wed, 02 Aug 2017 13:43:10 GMT express deprecated res.send(status, body): Use res.status(status).send(body) instead at app.js:83:16
Error: Unknown authentication strategy "config2"
    at attempt (/opt/gluu/node/passport/node_modules/passport/lib/middleware/authenticate.js:173:37)
    at authenticate (/opt/gluu/node/passport/node_modules/passport/lib/middleware/authenticate.js:349:7)
    at /opt/gluu/node/passport/server/routes/index.js:192:15
    at Layer.handle [as handle_request] (/opt/gluu/node/passport/node_modules/express/lib/router/layer.js:95:5)
    at next (/opt/gluu/node/passport/node_modules/express/lib/router/route.js:131:13)
    at Route.dispatch (/opt/gluu/node/passport/node_modules/express/lib/router/route.js:112:3)
    at Layer.handle [as handle_request] (/opt/gluu/node/passport/node_modules/express/lib/router/layer.js:95:5)
    at /opt/gluu/node/passport/node_modules/express/lib/router/index.js:277:22
    at param (/opt/gluu/node/passport/node_modules/express/lib/router/index.js:349:14)
    at param (/opt/gluu/node/passport/node_modules/express/lib/router/index.js:365:14)
    at param (/opt/gluu/node/passport/node_modules/express/lib/router/index.js:365:14)
    at Function.process_params (/opt/gluu/node/passport/node_modules/express/lib/router/index.js:410:3)
    at next (/opt/gluu/node/passport/node_modules/express/lib/router/index.js:271:10)
    at Function.handle (/opt/gluu/node/passport/node_modules/express/lib/router/index.js:176:3)
    at router (/opt/gluu/node/passport/node_modules/express/lib/router/index.js:46:12)
    at Layer.handle [as handle_request] (/opt/gluu/node/passport/node_modules/express/lib/router/layer.js:95:5)
    at trim_prefix (/opt/gluu/node/passport/node_modules/express/lib/router/index.js:312:13)
    at /opt/gluu/node/passport/node_modules/express/lib/router/index.js:280:7
    at Function.process_params (/opt/gluu/node/passport/node_modules/express/lib/router/index.js:330:12)
    at next (/opt/gluu/node/passport/node_modules/express/lib/router/index.js:271:10)
    at SessionStrategy.strategy.pass (/opt/gluu/node/passport/node_modules/passport/lib/middleware/authenticate.js:325:9)
    at SessionStrategy.authenticate (/opt/gluu/node/passport/node_modules/passport/lib/strategies/session.js:71:10)
Error: Unknown authentication strategy "config1"
    at attempt (/opt/gluu/node/passport/node_modules/passport/lib/middleware/authenticate.js:173:37)
    at authenticate (/opt/gluu/node/passport/node_modules/passport/lib/middleware/authenticate.js:349:7)
    at /opt/gluu/node/passport/server/routes/index.js:192:15
    at Layer.handle [as handle_request] (/opt/gluu/node/passport/node_modules/express/lib/router/layer.js:95:5)
    at next (/opt/gluu/node/passport/node_modules/express/lib/router/route.js:131:13)
    at Route.dispatch (/opt/gluu/node/passport/node_modules/express/lib/router/route.js:112:3)
    at Layer.handle [as handle_request] (/opt/gluu/node/passport/node_modules/express/lib/router/layer.js:95:5)
    at /opt/gluu/node/passport/node_modules/express/lib/router/index.js:277:22
    at param (/opt/gluu/node/passport/node_modules/express/lib/router/index.js:349:14)
    at param (/opt/gluu/node/passport/node_modules/express/lib/router/index.js:365:14)
    at param (/opt/gluu/node/passport/node_modules/express/lib/router/index.js:365:14)
    at Function.process_params (/opt/gluu/node/passport/node_modules/express/lib/router/index.js:410:3)
    at next (/opt/gluu/node/passport/node_modules/express/lib/router/index.js:271:10)
    at Function.handle (/opt/gluu/node/passport/node_modules/express/lib/router/index.js:176:3)
    at router (/opt/gluu/node/passport/node_modules/express/lib/router/index.js:46:12)
    at Layer.handle [as handle_request] (/opt/gluu/node/passport/node_modules/express/lib/router/layer.js:95:5)
    at trim_prefix (/opt/gluu/node/passport/node_modules/express/lib/router/index.js:312:13)
    at /opt/gluu/node/passport/node_modules/express/lib/router/index.js:280:7
    at Function.process_params (/opt/gluu/node/passport/node_modules/express/lib/router/index.js:330:12)
    at next (/opt/gluu/node/passport/node_modules/express/lib/router/index.js:271:10)
    at SessionStrategy.strategy.pass (/opt/gluu/node/passport/node_modules/passport/lib/middleware/authenticate.js:325:9)
    at SessionStrategy.authenticate (/opt/gluu/node/passport/node_modules/passport/lib/strategies/session.js:71:10)
Tue, 22 Aug 2017 10:55:28 GMT express deprecated res.send(status, body): Use res.status(status).send(body) instead at app.js:83:16
Error: Unknown authentication strategy "config2"
    at attempt (/opt/gluu/node/passport/node_modules/passport/lib/middleware/authenticate.js:173:37)
    at authenticate (/opt/gluu/node/passport/node_modules/passport/lib/middleware/authenticate.js:349:7)
    at /opt/gluu/node/passport/server/routes/index.js:192:15
    at Layer.handle [as handle_request] (/opt/gluu/node/passport/node_modules/express/lib/router/layer.js:95:5)
    at next (/opt/gluu/node/passport/node_modules/express/lib/router/route.js:131:13)
    at Route.dispatch (/opt/gluu/node/passport/node_modules/express/lib/router/route.js:112:3)
    at Layer.handle [as handle_request] (/opt/gluu/node/passport/node_modules/express/lib/router/layer.js:95:5)
    at /opt/gluu/node/passport/node_modules/express/lib/router/index.js:277:22
    at param (/opt/gluu/node/passport/node_modules/express/lib/router/index.js:349:14)
    at param (/opt/gluu/node/passport/node_modules/express/lib/router/index.js:365:14)
    at param (/opt/gluu/node/passport/node_modules/express/lib/router/index.js:365:14)
    at Function.process_params (/opt/gluu/node/passport/node_modules/express/lib/router/index.js:410:3)
    at next (/opt/gluu/node/passport/node_modules/express/lib/router/index.js:271:10)
    at Function.handle (/opt/gluu/node/passport/node_modules/express/lib/router/index.js:176:3)
    at router (/opt/gluu/node/passport/node_modules/express/lib/router/index.js:46:12)
    at Layer.handle [as handle_request] (/opt/gluu/node/passport/node_modules/express/lib/router/layer.js:95:5)
    at trim_prefix (/opt/gluu/node/passport/node_modules/express/lib/router/index.js:312:13)
    at /opt/gluu/node/passport/node_modules/express/lib/router/index.js:280:7
    at Function.process_params (/opt/gluu/node/passport/node_modules/express/lib/router/index.js:330:12)
    at next (/opt/gluu/node/passport/node_modules/express/lib/router/index.js:271:10)
    at SessionStrategy.strategy.pass (/opt/gluu/node/passport/node_modules/passport/lib/middleware/authenticate.js:325:9)
    at SessionStrategy.authenticate (/opt/gluu/node/passport/node_modules/passport/lib/strategies/session.js:71:10)
Error: Unknown authentication strategy "config1"
    at attempt (/opt/gluu/node/passport/node_modules/passport/lib/middleware/authenticate.js:173:37)
    at authenticate (/opt/gluu/node/passport/node_modules/passport/lib/middleware/authenticate.js:349:7)
    at /opt/gluu/node/passport/server/routes/index.js:192:15
    at Layer.handle [as handle_request] (/opt/gluu/node/passport/node_modules/express/lib/router/layer.js:95:5)
    at next (/opt/gluu/node/passport/node_modules/express/lib/router/route.js:131:13)
    at Route.dispatch (/opt/gluu/node/passport/node_modules/express/lib/router/route.js:112:3)
    at Layer.handle [as handle_request] (/opt/gluu/node/passport/node_modules/express/lib/router/layer.js:95:5)
    at /opt/gluu/node/passport/node_modules/express/lib/router/index.js:277:22
    at param (/opt/gluu/node/passport/node_modules/express/lib/router/index.js:349:14)
    at param (/opt/gluu/node/passport/node_modules/express/lib/router/index.js:365:14)
    at param (/opt/gluu/node/passport/node_modules/express/lib/router/index.js:365:14)
    at Function.process_params (/opt/gluu/node/passport/node_modules/express/lib/router/index.js:410:3)
    at next (/opt/gluu/node/passport/node_modules/express/lib/router/index.js:271:10)
    at Function.handle (/opt/gluu/node/passport/node_modules/express/lib/router/index.js:176:3)
    at router (/opt/gluu/node/passport/node_modules/express/lib/router/index.js:46:12)
    at Layer.handle [as handle_request] (/opt/gluu/node/passport/node_modules/express/lib/router/layer.js:95:5)
    at trim_prefix (/opt/gluu/node/passport/node_modules/express/lib/router/index.js:312:13)
    at /opt/gluu/node/passport/node_modules/express/lib/router/index.js:280:7
    at Function.process_params (/opt/gluu/node/passport/node_modules/express/lib/router/index.js:330:12)
    at next (/opt/gluu/node/passport/node_modules/express/lib/router/index.js:271:10)
    at SessionStrategy.strategy.pass (/opt/gluu/node/passport/node_modules/passport/lib/middleware/authenticate.js:325:9)
    at SessionStrategy.authenticate (/opt/gluu/node/passport/node_modules/passport/lib/strategies/session.js:71:10)
Error: Unknown authentication strategy "config1"
    at attempt (/opt/gluu/node/passport/node_modules/passport/lib/middleware/authenticate.js:173:37)
    at authenticate (/opt/gluu/node/passport/node_modules/passport/lib/middleware/authenticate.js:349:7)
    at /opt/gluu/node/passport/server/routes/index.js:192:15
    at Layer.handle [as handle_request] (/opt/gluu/node/passport/node_modules/express/lib/router/layer.js:95:5)
    at next (/opt/gluu/node/passport/node_modules/express/lib/router/route.js:131:13)
    at Route.dispatch (/opt/gluu/node/passport/node_modules/express/lib/router/route.js:112:3)
    at Layer.handle [as handle_request] (/opt/gluu/node/passport/node_modules/express/lib/router/layer.js:95:5)
    at /opt/gluu/node/passport/node_modules/express/lib/router/index.js:277:22
    at param (/opt/gluu/node/passport/node_modules/express/lib/router/index.js:349:14)
    at param (/opt/gluu/node/passport/node_modules/express/lib/router/index.js:365:14)
    at param (/opt/gluu/node/passport/node_modules/express/lib/router/index.js:365:14)
    at Function.process_params (/opt/gluu/node/passport/node_modules/express/lib/router/index.js:410:3)
    at next (/opt/gluu/node/passport/node_modules/express/lib/router/index.js:271:10)
    at Function.handle (/opt/gluu/node/passport/node_modules/express/lib/router/index.js:176:3)
    at router (/opt/gluu/node/passport/node_modules/express/lib/router/index.js:46:12)
    at Layer.handle [as handle_request] (/opt/gluu/node/passport/node_modules/express/lib/router/layer.js:95:5)
    at trim_prefix (/opt/gluu/node/passport/node_modules/express/lib/router/index.js:312:13)
    at /opt/gluu/node/passport/node_modules/express/lib/router/index.js:280:7
    at Function.process_params (/opt/gluu/node/passport/node_modules/express/lib/router/index.js:330:12)
    at next (/opt/gluu/node/passport/node_modules/express/lib/router/index.js:271:10)
    at SessionStrategy.strategy.pass (/opt/gluu/node/passport/node_modules/passport/lib/middleware/authenticate.js:325:9)
    at SessionStrategy.authenticate (/opt/gluu/node/passport/node_modules/passport/lib/strategies/session.js:71:10)
Error: Unknown authentication strategy "config1"
    at attempt (/opt/gluu/node/passport/node_modules/passport/lib/middleware/authenticate.js:173:37)
    at authenticate (/opt/gluu/node/passport/node_modules/passport/lib/middleware/authenticate.js:349:7)
    at /opt/gluu/node/passport/server/routes/index.js:192:15
    at Layer.handle [as handle_request] (/opt/gluu/node/passport/node_modules/express/lib/router/layer.js:95:5)
    at next (/opt/gluu/node/passport/node_modules/express/lib/router/route.js:131:13)
    at Route.dispatch (/opt/gluu/node/passport/node_modules/express/lib/router/route.js:112:3)
    at Layer.handle [as handle_request] (/opt/gluu/node/passport/node_modules/express/lib/router/layer.js:95:5)
    at /opt/gluu/node/passport/node_modules/express/lib/router/index.js:277:22
    at param (/opt/gluu/node/passport/node_modules/express/lib/router/index.js:349:14)
    at param (/opt/gluu/node/passport/node_modules/express/lib/router/index.js:365:14)
    at param (/opt/gluu/node/passport/node_modules/express/lib/router/index.js:365:14)
    at Function.process_params (/opt/gluu/node/passport/node_modules/express/lib/router/index.js:410:3)
    at next (/opt/gluu/node/passport/node_modules/express/lib/router/index.js:271:10)
    at Function.handle (/opt/gluu/node/passport/node_modules/express/lib/router/index.js:176:3)
    at router (/opt/gluu/node/passport/node_modules/express/lib/router/index.js:46:12)
    at Layer.handle [as handle_request] (/opt/gluu/node/passport/node_modules/express/lib/router/layer.js:95:5)
    at trim_prefix (/opt/gluu/node/passport/node_modules/express/lib/router/index.js:312:13)
    at /opt/gluu/node/passport/node_modules/express/lib/router/index.js:280:7
    at Function.process_params (/opt/gluu/node/passport/node_modules/express/lib/router/index.js:330:12)
    at next (/opt/gluu/node/passport/node_modules/express/lib/router/index.js:271:10)
    at SessionStrategy.strategy.pass (/opt/gluu/node/passport/node_modules/passport/lib/middleware/authenticate.js:325:9)
    at SessionStrategy.authenticate (/opt/gluu/node/passport/node_modules/passport/lib/strategies/session.js:71:10)
Error: Unknown authentication strategy "config1"
    at attempt (/opt/gluu/node/passport/node_modules/passport/lib/middleware/authenticate.js:173:37)
    at authenticate (/opt/gluu/node/passport/node_modules/passport/lib/middleware/authenticate.js:349:7)
    at /opt/gluu/node/passport/server/routes/index.js:192:15
    at Layer.handle [as handle_request] (/opt/gluu/node/passport/node_modules/express/lib/router/layer.js:95:5)
    at next (/opt/gluu/node/passport/node_modules/express/lib/router/route.js:131:13)
    at Route.dispatch (/opt/gluu/node/passport/node_modules/express/lib/router/route.js:112:3)
    at Layer.handle [as handle_request] (/opt/gluu/node/passport/node_modules/express/lib/router/layer.js:95:5)
    at /opt/gluu/node/passport/node_modules/express/lib/router/index.js:277:22
    at param (/opt/gluu/node/passport/node_modules/express/lib/router/index.js:349:14)
    at param (/opt/gluu/node/passport/node_modules/express/lib/router/index.js:365:14)
    at param (/opt/gluu/node/passport/node_modules/express/lib/router/index.js:365:14)
    at Function.process_params (/opt/gluu/node/passport/node_modules/express/lib/router/index.js:410:3)
    at next (/opt/gluu/node/passport/node_modules/express/lib/router/index.js:271:10)
    at Function.handle (/opt/gluu/node/passport/node_modules/express/lib/router/index.js:176:3)
    at router (/opt/gluu/node/passport/node_modules/express/lib/router/index.js:46:12)
    at Layer.handle [as handle_request] (/opt/gluu/node/passport/node_modules/express/lib/router/layer.js:95:5)
    at trim_prefix (/opt/gluu/node/passport/node_modules/express/lib/router/index.js:312:13)
    at /opt/gluu/node/passport/node_modules/express/lib/router/index.js:280:7
    at Function.process_params (/opt/gluu/node/passport/node_modules/express/lib/router/index.js:330:12)
    at next (/opt/gluu/node/passport/node_modules/express/lib/router/index.js:271:10)
    at SessionStrategy.strategy.pass (/opt/gluu/node/passport/node_modules/passport/lib/middleware/authenticate.js:325:9)
    at SessionStrategy.authenticate (/opt/gluu/node/passport/node_modules/passport/lib/strategies/session.js:71:10)
Error: Unknown authentication strategy "config1"
    at attempt (/opt/gluu/node/passport/node_modules/passport/lib/middleware/authenticate.js:173:37)
    at authenticate (/opt/gluu/node/passport/node_modules/passport/lib/middleware/authenticate.js:349:7)
    at /opt/gluu/node/passport/server/routes/index.js:192:15
    at Layer.handle [as handle_request] (/opt/gluu/node/passport/node_modules/express/lib/router/layer.js:95:5)
    at next (/opt/gluu/node/passport/node_modules/express/lib/router/route.js:131:13)
    at Route.dispatch (/opt/gluu/node/passport/node_modules/express/lib/router/route.js:112:3)
    at Layer.handle [as handle_request] (/opt/gluu/node/passport/node_modules/express/lib/router/layer.js:95:5)
    at /opt/gluu/node/passport/node_modules/express/lib/router/index.js:277:22
    at param (/opt/gluu/node/passport/node_modules/express/lib/router/index.js:349:14)
    at param (/opt/gluu/node/passport/node_modules/express/lib/router/index.js:365:14)
    at param (/opt/gluu/node/passport/node_modules/express/lib/router/index.js:365:14)
    at Function.process_params (/opt/gluu/node/passport/node_modules/express/lib/router/index.js:410:3)
    at next (/opt/gluu/node/passport/node_modules/express/lib/router/index.js:271:10)
    at Function.handle (/opt/gluu/node/passport/node_modules/express/lib/router/index.js:176:3)
    at router (/opt/gluu/node/passport/node_modules/express/lib/router/index.js:46:12)
    at Layer.handle [as handle_request] (/opt/gluu/node/passport/node_modules/express/lib/router/layer.js:95:5)
    at trim_prefix (/opt/gluu/node/passport/node_modules/express/lib/router/index.js:312:13)
    at /opt/gluu/node/passport/node_modules/express/lib/router/index.js:280:7
    at Function.process_params (/opt/gluu/node/passport/node_modules/express/lib/router/index.js:330:12)
    at next (/opt/gluu/node/passport/node_modules/express/lib/router/index.js:271:10)
    at SessionStrategy.strategy.pass (/opt/gluu/node/passport/node_modules/passport/lib/middleware/authenticate.js:325:9)
    at SessionStrategy.authenticate (/opt/gluu/node/passport/node_modules/passport/lib/strategies/session.js:71:10)
Tue, 22 Aug 2017 11:27:02 GMT express deprecated res.send(status, body): Use res.status(status).send(body) instead at app.js:83:16
Error: PEM_read_bio_PUBKEY failed
    at Error (native)
    at Verify.verify (crypto.js:311:23)
    at RSASHA256.verifySignature (/opt/gluu/node/passport/node_modules/xml-crypto/lib/signed-xml.js:137:24)
    at SignedXml.validateSignatureValue (/opt/gluu/node/passport/node_modules/xml-crypto/lib/signed-xml.js:277:20)
    at SignedXml.checkSignature (/opt/gluu/node/passport/node_modules/xml-crypto/lib/signed-xml.js:265:13)
    at SAML.validateSignature (/opt/gluu/node/passport/node_modules/passport-saml/lib/passport-saml/saml.js:498:14)
    at /opt/gluu/node/passport/node_modules/passport-saml/lib/passport-saml/saml.js:528:35
    at _fulfilled (/opt/gluu/node/passport/node_modules/q/q.js:794:54)
    at self.promiseDispatch.done (/opt/gluu/node/passport/node_modules/q/q.js:823:30)
    at Promise.promise.promiseDispatch (/opt/gluu/node/passport/node_modules/q/q.js:756:13)
    at /opt/gluu/node/passport/node_modules/q/q.js:516:49
    at flush (/opt/gluu/node/passport/node_modules/q/q.js:110:17)
    at _combinedTickCallback (internal/process/next_tick.js:67:7)
    at process._tickCallback (internal/process/next_tick.js:98:9)
Error: PEM_read_bio_PUBKEY failed
    at Error (native)
    at Verify.verify (crypto.js:311:23)
    at RSASHA256.verifySignature (/opt/gluu/node/passport/node_modules/xml-crypto/lib/signed-xml.js:137:24)
    at SignedXml.validateSignatureValue (/opt/gluu/node/passport/node_modules/xml-crypto/lib/signed-xml.js:277:20)
    at SignedXml.checkSignature (/opt/gluu/node/passport/node_modules/xml-crypto/lib/signed-xml.js:265:13)
    at SAML.validateSignature (/opt/gluu/node/passport/node_modules/passport-saml/lib/passport-saml/saml.js:498:14)
    at /opt/gluu/node/passport/node_modules/passport-saml/lib/passport-saml/saml.js:528:35
    at _fulfilled (/opt/gluu/node/passport/node_modules/q/q.js:794:54)
    at self.promiseDispatch.done (/opt/gluu/node/passport/node_modules/q/q.js:823:30)
    at Promise.promise.promiseDispatch (/opt/gluu/node/passport/node_modules/q/q.js:756:13)
    at /opt/gluu/node/passport/node_modules/q/q.js:516:49
    at flush (/opt/gluu/node/passport/node_modules/q/q.js:110:17)
    at _combinedTickCallback (internal/process/next_tick.js:67:7)
    at process._tickCallback (internal/process/next_tick.js:98:9)
Error: PEM_read_bio_PUBKEY failed
    at Error (native)
    at Verify.verify (crypto.js:311:23)
    at RSASHA256.verifySignature (/opt/gluu/node/passport/node_modules/xml-crypto/lib/signed-xml.js:137:24)
    at SignedXml.validateSignatureValue (/opt/gluu/node/passport/node_modules/xml-crypto/lib/signed-xml.js:277:20)
    at SignedXml.checkSignature (/opt/gluu/node/passport/node_modules/xml-crypto/lib/signed-xml.js:265:13)
    at SAML.validateSignature (/opt/gluu/node/passport/node_modules/passport-saml/lib/passport-saml/saml.js:498:14)
    at /opt/gluu/node/passport/node_modules/passport-saml/lib/passport-saml/saml.js:528:35
    at _fulfilled (/opt/gluu/node/passport/node_modules/q/q.js:794:54)
    at self.promiseDispatch.done (/opt/gluu/node/passport/node_modules/q/q.js:823:30)
    at Promise.promise.promiseDispatch (/opt/gluu/node/passport/node_modules/q/q.js:756:13)
    at /opt/gluu/node/passport/node_modules/q/q.js:516:49
    at flush (/opt/gluu/node/passport/node_modules/q/q.js:110:17)
    at _combinedTickCallback (internal/process/next_tick.js:67:7)
    at process._tickCallback (internal/process/next_tick.js:98:9)
Error: PEM_read_bio_PUBKEY failed
    at Error (native)
    at Verify.verify (crypto.js:311:23)
    at RSASHA256.verifySignature (/opt/gluu/node/passport/node_modules/xml-crypto/lib/signed-xml.js:137:24)
    at SignedXml.validateSignatureValue (/opt/gluu/node/passport/node_modules/xml-crypto/lib/signed-xml.js:277:20)
    at SignedXml.checkSignature (/opt/gluu/node/passport/node_modules/xml-crypto/lib/signed-xml.js:265:13)
    at SAML.validateSignature (/opt/gluu/node/passport/node_modules/passport-saml/lib/passport-saml/saml.js:498:14)
    at /opt/gluu/node/passport/node_modules/passport-saml/lib/passport-saml/saml.js:528:35
    at _fulfilled (/opt/gluu/node/passport/node_modules/q/q.js:794:54)
    at self.promiseDispatch.done (/opt/gluu/node/passport/node_modules/q/q.js:823:30)
    at Promise.promise.promiseDispatch (/opt/gluu/node/passport/node_modules/q/q.js:756:13)
    at /opt/gluu/node/passport/node_modules/q/q.js:516:49
    at flush (/opt/gluu/node/passport/node_modules/q/q.js:110:17)
    at _combinedTickCallback (internal/process/next_tick.js:67:7)
    at process._tickCallback (internal/process/next_tick.js:98:9)
Error: PEM_read_bio_PUBKEY failed
    at Error (native)
    at Verify.verify (crypto.js:311:23)
    at RSASHA256.verifySignature (/opt/gluu/node/passport/node_modules/xml-crypto/lib/signed-xml.js:137:24)
    at SignedXml.validateSignatureValue (/opt/gluu/node/passport/node_modules/xml-crypto/lib/signed-xml.js:277:20)
    at SignedXml.checkSignature (/opt/gluu/node/passport/node_modules/xml-crypto/lib/signed-xml.js:265:13)
    at SAML.validateSignature (/opt/gluu/node/passport/node_modules/passport-saml/lib/passport-saml/saml.js:498:14)
    at /opt/gluu/node/passport/node_modules/passport-saml/lib/passport-saml/saml.js:528:35
    at _fulfilled (/opt/gluu/node/passport/node_modules/q/q.js:794:54)
    at self.promiseDispatch.done (/opt/gluu/node/passport/node_modules/q/q.js:823:30)
    at Promise.promise.promiseDispatch (/opt/gluu/node/passport/node_modules/q/q.js:756:13)
    at /opt/gluu/node/passport/node_modules/q/q.js:516:49
    at flush (/opt/gluu/node/passport/node_modules/q/q.js:110:17)
    at _combinedTickCallback (internal/process/next_tick.js:67:7)
    at process._tickCallback (internal/process/next_tick.js:98:9)
Error: PEM_read_bio_PUBKEY failed
    at Error (native)
    at Verify.verify (crypto.js:311:23)
    at RSASHA256.verifySignature (/opt/gluu/node/passport/node_modules/xml-crypto/lib/signed-xml.js:137:24)
    at SignedXml.validateSignatureValue (/opt/gluu/node/passport/node_modules/xml-crypto/lib/signed-xml.js:277:20)
    at SignedXml.checkSignature (/opt/gluu/node/passport/node_modules/xml-crypto/lib/signed-xml.js:265:13)
    at SAML.validateSignature (/opt/gluu/node/passport/node_modules/passport-saml/lib/passport-saml/saml.js:498:14)
    at /opt/gluu/node/passport/node_modules/passport-saml/lib/passport-saml/saml.js:528:35
    at _fulfilled (/opt/gluu/node/passport/node_modules/q/q.js:794:54)
    at self.promiseDispatch.done (/opt/gluu/node/passport/node_modules/q/q.js:823:30)
    at Promise.promise.promiseDispatch (/opt/gluu/node/passport/node_modules/q/q.js:756:13)
    at /opt/gluu/node/passport/node_modules/q/q.js:516:49
    at flush (/opt/gluu/node/passport/node_modules/q/q.js:110:17)
    at _combinedTickCallback (internal/process/next_tick.js:67:7)
    at process._tickCallback (internal/process/next_tick.js:98:9)
Error: PEM_read_bio_PUBKEY failed
    at Error (native)
    at Verify.verify (crypto.js:311:23)
    at RSASHA256.verifySignature (/opt/gluu/node/passport/node_modules/xml-crypto/lib/signed-xml.js:137:24)
    at SignedXml.validateSignatureValue (/opt/gluu/node/passport/node_modules/xml-crypto/lib/signed-xml.js:277:20)
    at SignedXml.checkSignature (/opt/gluu/node/passport/node_modules/xml-crypto/lib/signed-xml.js:265:13)
    at SAML.validateSignature (/opt/gluu/node/passport/node_modules/passport-saml/lib/passport-saml/saml.js:498:14)
    at /opt/gluu/node/passport/node_modules/passport-saml/lib/passport-saml/saml.js:528:35
    at _fulfilled (/opt/gluu/node/passport/node_modules/q/q.js:794:54)
    at self.promiseDispatch.done (/opt/gluu/node/passport/node_modules/q/q.js:823:30)
    at Promise.promise.promiseDispatch (/opt/gluu/node/passport/node_modules/q/q.js:756:13)
    at /opt/gluu/node/passport/node_modules/q/q.js:516:49
    at flush (/opt/gluu/node/passport/node_modules/q/q.js:110:17)
    at _combinedTickCallback (internal/process/next_tick.js:67:7)
    at process._tickCallback (internal/process/next_tick.js:98:9)
Error: PEM_read_bio_PUBKEY failed
    at Error (native)
    at Verify.verify (crypto.js:311:23)
    at RSASHA256.verifySignature (/opt/gluu/node/passport/node_modules/xml-crypto/lib/signed-xml.js:137:24)
    at SignedXml.validateSignatureValue (/opt/gluu/node/passport/node_modules/xml-crypto/lib/signed-xml.js:277:20)
    at SignedXml.checkSignature (/opt/gluu/node/passport/node_modules/xml-crypto/lib/signed-xml.js:265:13)
    at SAML.validateSignature (/opt/gluu/node/passport/node_modules/passport-saml/lib/passport-saml/saml.js:498:14)
    at /opt/gluu/node/passport/node_modules/passport-saml/lib/passport-saml/saml.js:528:35
    at _fulfilled (/opt/gluu/node/passport/node_modules/q/q.js:794:54)
    at self.promiseDispatch.done (/opt/gluu/node/passport/node_modules/q/q.js:823:30)
    at Promise.promise.promiseDispatch (/opt/gluu/node/passport/node_modules/q/q.js:756:13)
    at /opt/gluu/node/passport/node_modules/q/q.js:516:49
    at flush (/opt/gluu/node/passport/node_modules/q/q.js:110:17)
    at _combinedTickCallback (internal/process/next_tick.js:67:7)
    at process._tickCallback (internal/process/next_tick.js:98:9)
Error: PEM_read_bio_PUBKEY failed
    at Error (native)
    at Verify.verify (crypto.js:311:23)
    at RSASHA256.verifySignature (/opt/gluu/node/passport/node_modules/xml-crypto/lib/signed-xml.js:137:24)
    at SignedXml.validateSignatureValue (/opt/gluu/node/passport/node_modules/xml-crypto/lib/signed-xml.js:277:20)
    at SignedXml.checkSignature (/opt/gluu/node/passport/node_modules/xml-crypto/lib/signed-xml.js:265:13)
    at SAML.validateSignature (/opt/gluu/node/passport/node_modules/passport-saml/lib/passport-saml/saml.js:498:14)
    at /opt/gluu/node/passport/node_modules/passport-saml/lib/passport-saml/saml.js:528:35
    at _fulfilled (/opt/gluu/node/passport/node_modules/q/q.js:794:54)
    at self.promiseDispatch.done (/opt/gluu/node/passport/node_modules/q/q.js:823:30)
    at Promise.promise.promiseDispatch (/opt/gluu/node/passport/node_modules/q/q.js:756:13)
    at /opt/gluu/node/passport/node_modules/q/q.js:516:49
    at flush (/opt/gluu/node/passport/node_modules/q/q.js:110:17)
    at _combinedTickCallback (internal/process/next_tick.js:67:7)
    at process._tickCallback (internal/process/next_tick.js:98:9)
Error: PEM_read_bio_PUBKEY failed
    at Error (native)
    at Verify.verify (crypto.js:311:23)
    at RSASHA256.verifySignature (/opt/gluu/node/passport/node_modules/xml-crypto/lib/signed-xml.js:137:24)
    at SignedXml.validateSignatureValue (/opt/gluu/node/passport/node_modules/xml-crypto/lib/signed-xml.js:277:20)
    at SignedXml.checkSignature (/opt/gluu/node/passport/node_modules/xml-crypto/lib/signed-xml.js:265:13)
    at SAML.validateSignature (/opt/gluu/node/passport/node_modules/passport-saml/lib/passport-saml/saml.js:498:14)
    at /opt/gluu/node/passport/node_modules/passport-saml/lib/passport-saml/saml.js:528:35
    at _fulfilled (/opt/gluu/node/passport/node_modules/q/q.js:794:54)
    at self.promiseDispatch.done (/opt/gluu/node/passport/node_modules/q/q.js:823:30)
    at Promise.promise.promiseDispatch (/opt/gluu/node/passport/node_modules/q/q.js:756:13)
    at /opt/gluu/node/passport/node_modules/q/q.js:516:49
    at flush (/opt/gluu/node/passport/node_modules/q/q.js:110:17)
    at _combinedTickCallback (internal/process/next_tick.js:67:7)
    at process._tickCallback (internal/process/next_tick.js:98:9)
Error: PEM_read_bio_PUBKEY failed
    at Error (native)
    at Verify.verify (crypto.js:311:23)
    at RSASHA256.verifySignature (/opt/gluu/node/passport/node_modules/xml-crypto/lib/signed-xml.js:137:24)
    at SignedXml.validateSignatureValue (/opt/gluu/node/passport/node_modules/xml-crypto/lib/signed-xml.js:277:20)
    at SignedXml.checkSignature (/opt/gluu/node/passport/node_modules/xml-crypto/lib/signed-xml.js:265:13)
    at SAML.validateSignature (/opt/gluu/node/passport/node_modules/passport-saml/lib/passport-saml/saml.js:498:14)
    at /opt/gluu/node/passport/node_modules/passport-saml/lib/passport-saml/saml.js:528:35
    at _fulfilled (/opt/gluu/node/passport/node_modules/q/q.js:794:54)
    at self.promiseDispatch.done (/opt/gluu/node/passport/node_modules/q/q.js:823:30)
    at Promise.promise.promiseDispatch (/opt/gluu/node/passport/node_modules/q/q.js:756:13)
    at /opt/gluu/node/passport/node_modules/q/q.js:516:49
    at flush (/opt/gluu/node/passport/node_modules/q/q.js:110:17)
    at _combinedTickCallback (internal/process/next_tick.js:67:7)
    at process._tickCallback (internal/process/next_tick.js:98:9)
Error: PEM_read_bio_PUBKEY failed
    at Error (native)
    at Verify.verify (crypto.js:311:23)
    at RSASHA256.verifySignature (/opt/gluu/node/passport/node_modules/xml-crypto/lib/signed-xml.js:137:24)
    at SignedXml.validateSignatureValue (/opt/gluu/node/passport/node_modules/xml-crypto/lib/signed-xml.js:277:20)
    at SignedXml.checkSignature (/opt/gluu/node/passport/node_modules/xml-crypto/lib/signed-xml.js:265:13)
    at SAML.validateSignature (/opt/gluu/node/passport/node_modules/passport-saml/lib/passport-saml/saml.js:498:14)
    at /opt/gluu/node/passport/node_modules/passport-saml/lib/passport-saml/saml.js:528:35
    at _fulfilled (/opt/gluu/node/passport/node_modules/q/q.js:794:54)
    at self.promiseDispatch.done (/opt/gluu/node/passport/node_modules/q/q.js:823:30)
    at Promise.promise.promiseDispatch (/opt/gluu/node/passport/node_modules/q/q.js:756:13)
    at /opt/gluu/node/passport/node_modules/q/q.js:516:49
    at flush (/opt/gluu/node/passport/node_modules/q/q.js:110:17)
    at _combinedTickCallback (internal/process/next_tick.js:67:7)
    at process._tickCallback (internal/process/next_tick.js:98:9)
Error: Unknown authentication strategy "c"
    at attempt (/opt/gluu/node/passport/node_modules/passport/lib/middleware/authenticate.js:173:37)
    at authenticate (/opt/gluu/node/passport/node_modules/passport/lib/middleware/authenticate.js:349:7)
    at /opt/gluu/node/passport/server/routes/index.js:184:15
    at Layer.handle [as handle_request] (/opt/gluu/node/passport/node_modules/express/lib/router/layer.js:95:5)
    at next (/opt/gluu/node/passport/node_modules/express/lib/router/route.js:131:13)
    at Route.dispatch (/opt/gluu/node/passport/node_modules/express/lib/router/route.js:112:3)
    at Layer.handle [as handle_request] (/opt/gluu/node/passport/node_modules/express/lib/router/layer.js:95:5)
    at /opt/gluu/node/passport/node_modules/express/lib/router/index.js:277:22
    at param (/opt/gluu/node/passport/node_modules/express/lib/router/index.js:349:14)
    at param (/opt/gluu/node/passport/node_modules/express/lib/router/index.js:365:14)
    at param (/opt/gluu/node/passport/node_modules/express/lib/router/index.js:365:14)
    at Function.process_params (/opt/gluu/node/passport/node_modules/express/lib/router/index.js:410:3)
    at next (/opt/gluu/node/passport/node_modules/express/lib/router/index.js:271:10)
    at Function.handle (/opt/gluu/node/passport/node_modules/express/lib/router/index.js:176:3)
    at router (/opt/gluu/node/passport/node_modules/express/lib/router/index.js:46:12)
    at Layer.handle [as handle_request] (/opt/gluu/node/passport/node_modules/express/lib/router/layer.js:95:5)
    at trim_prefix (/opt/gluu/node/passport/node_modules/express/lib/router/index.js:312:13)
    at /opt/gluu/node/passport/node_modules/express/lib/router/index.js:280:7
    at Function.process_params (/opt/gluu/node/passport/node_modules/express/lib/router/index.js:330:12)
    at next (/opt/gluu/node/passport/node_modules/express/lib/router/index.js:271:10)
    at SessionStrategy.strategy.pass (/opt/gluu/node/passport/node_modules/passport/lib/middleware/authenticate.js:325:9)
    at SessionStrategy.authenticate (/opt/gluu/node/passport/node_modules/passport/lib/strategies/session.js:71:10)
Error: Unknown authentication strategy "c"
    at attempt (/opt/gluu/node/passport/node_modules/passport/lib/middleware/authenticate.js:173:37)
    at authenticate (/opt/gluu/node/passport/node_modules/passport/lib/middleware/authenticate.js:349:7)
    at /opt/gluu/node/passport/server/routes/index.js:186:15
    at Layer.handle [as handle_request] (/opt/gluu/node/passport/node_modules/express/lib/router/layer.js:95:5)
    at next (/opt/gluu/node/passport/node_modules/express/lib/router/route.js:131:13)
    at Route.dispatch (/opt/gluu/node/passport/node_modules/express/lib/router/route.js:112:3)
    at Layer.handle [as handle_request] (/opt/gluu/node/passport/node_modules/express/lib/router/layer.js:95:5)
    at /opt/gluu/node/passport/node_modules/express/lib/router/index.js:277:22
    at param (/opt/gluu/node/passport/node_modules/express/lib/router/index.js:349:14)
    at param (/opt/gluu/node/passport/node_modules/express/lib/router/index.js:365:14)
    at param (/opt/gluu/node/passport/node_modules/express/lib/router/index.js:365:14)
    at Function.process_params (/opt/gluu/node/passport/node_modules/express/lib/router/index.js:410:3)
    at next (/opt/gluu/node/passport/node_modules/express/lib/router/index.js:271:10)
    at Function.handle (/opt/gluu/node/passport/node_modules/express/lib/router/index.js:176:3)
    at router (/opt/gluu/node/passport/node_modules/express/lib/router/index.js:46:12)
    at Layer.handle [as handle_request] (/opt/gluu/node/passport/node_modules/express/lib/router/layer.js:95:5)
    at trim_prefix (/opt/gluu/node/passport/node_modules/express/lib/router/index.js:312:13)
    at /opt/gluu/node/passport/node_modules/express/lib/router/index.js:280:7
    at Function.process_params (/opt/gluu/node/passport/node_modules/express/lib/router/index.js:330:12)
    at next (/opt/gluu/node/passport/node_modules/express/lib/router/index.js:271:10)
    at SessionStrategy.strategy.pass (/opt/gluu/node/passport/node_modules/passport/lib/middleware/authenticate.js:325:9)
    at SessionStrategy.authenticate (/opt/gluu/node/passport/node_modules/passport/lib/strategies/session.js:71:10)
Error: Unknown authentication strategy "c"
    at attempt (/opt/gluu/node/passport/node_modules/passport/lib/middleware/authenticate.js:173:37)
    at authenticate (/opt/gluu/node/passport/node_modules/passport/lib/middleware/authenticate.js:349:7)
    at /opt/gluu/node/passport/server/routes/index.js:186:15
    at Layer.handle [as handle_request] (/opt/gluu/node/passport/node_modules/express/lib/router/layer.js:95:5)
    at next (/opt/gluu/node/passport/node_modules/express/lib/router/route.js:131:13)
    at Route.dispatch (/opt/gluu/node/passport/node_modules/express/lib/router/route.js:112:3)
    at Layer.handle [as handle_request] (/opt/gluu/node/passport/node_modules/express/lib/router/layer.js:95:5)
    at /opt/gluu/node/passport/node_modules/express/lib/router/index.js:277:22
    at param (/opt/gluu/node/passport/node_modules/express/lib/router/index.js:349:14)
    at param (/opt/gluu/node/passport/node_modules/express/lib/router/index.js:365:14)
    at param (/opt/gluu/node/passport/node_modules/express/lib/router/index.js:365:14)
    at Function.process_params (/opt/gluu/node/passport/node_modules/express/lib/router/index.js:410:3)
    at next (/opt/gluu/node/passport/node_modules/express/lib/router/index.js:271:10)
    at Function.handle (/opt/gluu/node/passport/node_modules/express/lib/router/index.js:176:3)
    at router (/opt/gluu/node/passport/node_modules/express/lib/router/index.js:46:12)
    at Layer.handle [as handle_request] (/opt/gluu/node/passport/node_modules/express/lib/router/layer.js:95:5)
    at trim_prefix (/opt/gluu/node/passport/node_modules/express/lib/router/index.js:312:13)
    at /opt/gluu/node/passport/node_modules/express/lib/router/index.js:280:7
    at Function.process_params (/opt/gluu/node/passport/node_modules/express/lib/router/index.js:330:12)
    at next (/opt/gluu/node/passport/node_modules/express/lib/router/index.js:271:10)
    at SessionStrategy.strategy.pass (/opt/gluu/node/passport/node_modules/passport/lib/middleware/authenticate.js:325:9)
    at SessionStrategy.authenticate (/opt/gluu/node/passport/node_modules/passport/lib/strategies/session.js:71:10)
Error: Unknown authentication strategy "c"
    at attempt (/opt/gluu/node/passport/node_modules/passport/lib/middleware/authenticate.js:173:37)
    at authenticate (/opt/gluu/node/passport/node_modules/passport/lib/middleware/authenticate.js:349:7)
    at /opt/gluu/node/passport/server/routes/index.js:186:15
    at Layer.handle [as handle_request] (/opt/gluu/node/passport/node_modules/express/lib/router/layer.js:95:5)
    at next (/opt/gluu/node/passport/node_modules/express/lib/router/route.js:131:13)
    at Route.dispatch (/opt/gluu/node/passport/node_modules/express/lib/router/route.js:112:3)
    at Layer.handle [as handle_request] (/opt/gluu/node/passport/node_modules/express/lib/router/layer.js:95:5)
    at /opt/gluu/node/passport/node_modules/express/lib/router/index.js:277:22
    at param (/opt/gluu/node/passport/node_modules/express/lib/router/index.js:349:14)
    at param (/opt/gluu/node/passport/node_modules/express/lib/router/index.js:365:14)
    at param (/opt/gluu/node/passport/node_modules/express/lib/router/index.js:365:14)
    at Function.process_params (/opt/gluu/node/passport/node_modules/express/lib/router/index.js:410:3)
    at next (/opt/gluu/node/passport/node_modules/express/lib/router/index.js:271:10)
    at Function.handle (/opt/gluu/node/passport/node_modules/express/lib/router/index.js:176:3)
    at router (/opt/gluu/node/passport/node_modules/express/lib/router/index.js:46:12)
    at Layer.handle [as handle_request] (/opt/gluu/node/passport/node_modules/express/lib/router/layer.js:95:5)
    at trim_prefix (/opt/gluu/node/passport/node_modules/express/lib/router/index.js:312:13)
    at /opt/gluu/node/passport/node_modules/express/lib/router/index.js:280:7
    at Function.process_params (/opt/gluu/node/passport/node_modules/express/lib/router/index.js:330:12)
    at next (/opt/gluu/node/passport/node_modules/express/lib/router/index.js:271:10)
    at SessionStrategy.strategy.pass (/opt/gluu/node/passport/node_modules/passport/lib/middleware/authenticate.js:325:9)
    at SessionStrategy.authenticate (/opt/gluu/node/passport/node_modules/passport/lib/strategies/session.js:71:10)
Fri, 25 Aug 2017 15:44:53 GMT express deprecated res.send(status, body): Use res.status(status).send(body) instead at app.js:83:16
Error: Unknown authentication strategy "config2"
    at attempt (/opt/gluu/node/passport/node_modules/passport/lib/middleware/authenticate.js:173:37)
    at authenticate (/opt/gluu/node/passport/node_modules/passport/lib/middleware/authenticate.js:349:7)
    at /opt/gluu/node/passport/server/routes/index.js:204:15
    at Layer.handle [as handle_request] (/opt/gluu/node/passport/node_modules/express/lib/router/layer.js:95:5)
    at next (/opt/gluu/node/passport/node_modules/express/lib/router/route.js:131:13)
    at Route.dispatch (/opt/gluu/node/passport/node_modules/express/lib/router/route.js:112:3)
    at Layer.handle [as handle_request] (/opt/gluu/node/passport/node_modules/express/lib/router/layer.js:95:5)
    at /opt/gluu/node/passport/node_modules/express/lib/router/index.js:277:22
    at param (/opt/gluu/node/passport/node_modules/express/lib/router/index.js:349:14)
    at param (/opt/gluu/node/passport/node_modules/express/lib/router/index.js:365:14)
    at param (/opt/gluu/node/passport/node_modules/express/lib/router/index.js:365:14)
    at Function.process_params (/opt/gluu/node/passport/node_modules/express/lib/router/index.js:410:3)
    at next (/opt/gluu/node/passport/node_modules/express/lib/router/index.js:271:10)
    at Function.handle (/opt/gluu/node/passport/node_modules/express/lib/router/index.js:176:3)
    at router (/opt/gluu/node/passport/node_modules/express/lib/router/index.js:46:12)
    at Layer.handle [as handle_request] (/opt/gluu/node/passport/node_modules/express/lib/router/layer.js:95:5)
    at trim_prefix (/opt/gluu/node/passport/node_modules/express/lib/router/index.js:312:13)
    at /opt/gluu/node/passport/node_modules/express/lib/router/index.js:280:7
    at Function.process_params (/opt/gluu/node/passport/node_modules/express/lib/router/index.js:330:12)
    at next (/opt/gluu/node/passport/node_modules/express/lib/router/index.js:271:10)
    at SessionStrategy.strategy.pass (/opt/gluu/node/passport/node_modules/passport/lib/middleware/authenticate.js:325:9)
    at SessionStrategy.authenticate (/opt/gluu/node/passport/node_modules/passport/lib/strategies/session.js:71:10)
Error: Unknown authentication strategy "config2"
    at attempt (/opt/gluu/node/passport/node_modules/passport/lib/middleware/authenticate.js:173:37)
    at authenticate (/opt/gluu/node/passport/node_modules/passport/lib/middleware/authenticate.js:349:7)
    at /opt/gluu/node/passport/server/routes/index.js:204:15
    at Layer.handle [as handle_request] (/opt/gluu/node/passport/node_modules/express/lib/router/layer.js:95:5)
    at next (/opt/gluu/node/passport/node_modules/express/lib/router/route.js:131:13)
    at Route.dispatch (/opt/gluu/node/passport/node_modules/express/lib/router/route.js:112:3)
    at Layer.handle [as handle_request] (/opt/gluu/node/passport/node_modules/express/lib/router/layer.js:95:5)
    at /opt/gluu/node/passport/node_modules/express/lib/router/index.js:277:22
    at param (/opt/gluu/node/passport/node_modules/express/lib/router/index.js:349:14)
    at param (/opt/gluu/node/passport/node_modules/express/lib/router/index.js:365:14)
    at param (/opt/gluu/node/passport/node_modules/express/lib/router/index.js:365:14)
    at Function.process_params (/opt/gluu/node/passport/node_modules/express/lib/router/index.js:410:3)
    at next (/opt/gluu/node/passport/node_modules/express/lib/router/index.js:271:10)
    at Function.handle (/opt/gluu/node/passport/node_modules/express/lib/router/index.js:176:3)
    at router (/opt/gluu/node/passport/node_modules/express/lib/router/index.js:46:12)
    at Layer.handle [as handle_request] (/opt/gluu/node/passport/node_modules/express/lib/router/layer.js:95:5)
    at trim_prefix (/opt/gluu/node/passport/node_modules/express/lib/router/index.js:312:13)
    at /opt/gluu/node/passport/node_modules/express/lib/router/index.js:280:7
    at Function.process_params (/opt/gluu/node/passport/node_modules/express/lib/router/index.js:330:12)
    at next (/opt/gluu/node/passport/node_modules/express/lib/router/index.js:271:10)
    at SessionStrategy.strategy.pass (/opt/gluu/node/passport/node_modules/passport/lib/middleware/authenticate.js:325:9)
    at SessionStrategy.authenticate (/opt/gluu/node/passport/node_modules/passport/lib/strategies/session.js:71:10)
Error: Unknown authentication strategy "config1"
    at attempt (/opt/gluu/node/passport/node_modules/passport/lib/middleware/authenticate.js:173:37)
    at authenticate (/opt/gluu/node/passport/node_modules/passport/lib/middleware/authenticate.js:349:7)
    at /opt/gluu/node/passport/server/routes/index.js:204:15
    at Layer.handle [as handle_request] (/opt/gluu/node/passport/node_modules/express/lib/router/layer.js:95:5)
    at next (/opt/gluu/node/passport/node_modules/express/lib/router/route.js:131:13)
    at Route.dispatch (/opt/gluu/node/passport/node_modules/express/lib/router/route.js:112:3)
    at Layer.handle [as handle_request] (/opt/gluu/node/passport/node_modules/express/lib/router/layer.js:95:5)
    at /opt/gluu/node/passport/node_modules/express/lib/router/index.js:277:22
    at param (/opt/gluu/node/passport/node_modules/express/lib/router/index.js:349:14)
    at param (/opt/gluu/node/passport/node_modules/express/lib/router/index.js:365:14)
    at param (/opt/gluu/node/passport/node_modules/express/lib/router/index.js:365:14)
    at Function.process_params (/opt/gluu/node/passport/node_modules/express/lib/router/index.js:410:3)
    at next (/opt/gluu/node/passport/node_modules/express/lib/router/index.js:271:10)
    at Function.handle (/opt/gluu/node/passport/node_modules/express/lib/router/index.js:176:3)
    at router (/opt/gluu/node/passport/node_modules/express/lib/router/index.js:46:12)
    at Layer.handle [as handle_request] (/opt/gluu/node/passport/node_modules/express/lib/router/layer.js:95:5)
    at trim_prefix (/opt/gluu/node/passport/node_modules/express/lib/router/index.js:312:13)
    at /opt/gluu/node/passport/node_modules/express/lib/router/index.js:280:7
    at Function.process_params (/opt/gluu/node/passport/node_modules/express/lib/router/index.js:330:12)
    at next (/opt/gluu/node/passport/node_modules/express/lib/router/index.js:271:10)
    at SessionStrategy.strategy.pass (/opt/gluu/node/passport/node_modules/passport/lib/middleware/authenticate.js:325:9)
    at SessionStrategy.authenticate (/opt/gluu/node/passport/node_modules/passport/lib/strategies/session.js:71:10)
Error: Unknown authentication strategy "config2"
    at attempt (/opt/gluu/node/passport/node_modules/passport/lib/middleware/authenticate.js:173:37)
    at authenticate (/opt/gluu/node/passport/node_modules/passport/lib/middleware/authenticate.js:349:7)
    at /opt/gluu/node/passport/server/routes/index.js:204:15
    at Layer.handle [as handle_request] (/opt/gluu/node/passport/node_modules/express/lib/router/layer.js:95:5)
    at next (/opt/gluu/node/passport/node_modules/express/lib/router/route.js:131:13)
    at Route.dispatch (/opt/gluu/node/passport/node_modules/express/lib/router/route.js:112:3)
    at Layer.handle [as handle_request] (/opt/gluu/node/passport/node_modules/express/lib/router/layer.js:95:5)
    at /opt/gluu/node/passport/node_modules/express/lib/router/index.js:277:22
    at param (/opt/gluu/node/passport/node_modules/express/lib/router/index.js:349:14)
    at param (/opt/gluu/node/passport/node_modules/express/lib/router/index.js:365:14)
    at param (/opt/gluu/node/passport/node_modules/express/lib/router/index.js:365:14)
    at Function.process_params (/opt/gluu/node/passport/node_modules/express/lib/router/index.js:410:3)
    at next (/opt/gluu/node/passport/node_modules/express/lib/router/index.js:271:10)
    at Function.handle (/opt/gluu/node/passport/node_modules/express/lib/router/index.js:176:3)
    at router (/opt/gluu/node/passport/node_modules/express/lib/router/index.js:46:12)
    at Layer.handle [as handle_request] (/opt/gluu/node/passport/node_modules/express/lib/router/layer.js:95:5)
    at trim_prefix (/opt/gluu/node/passport/node_modules/express/lib/router/index.js:312:13)
    at /opt/gluu/node/passport/node_modules/express/lib/router/index.js:280:7
    at Function.process_params (/opt/gluu/node/passport/node_modules/express/lib/router/index.js:330:12)
    at next (/opt/gluu/node/passport/node_modules/express/lib/router/index.js:271:10)
    at SessionStrategy.strategy.pass (/opt/gluu/node/passport/node_modules/passport/lib/middleware/authenticate.js:325:9)
    at SessionStrategy.authenticate (/opt/gluu/node/passport/node_modules/passport/lib/strategies/session.js:71:10)
Error: Unknown authentication strategy "config2"
    at attempt (/opt/gluu/node/passport/node_modules/passport/lib/middleware/authenticate.js:173:37)
    at authenticate (/opt/gluu/node/passport/node_modules/passport/lib/middleware/authenticate.js:349:7)
    at /opt/gluu/node/passport/server/routes/index.js:204:15
    at Layer.handle [as handle_request] (/opt/gluu/node/passport/node_modules/express/lib/router/layer.js:95:5)
    at next (/opt/gluu/node/passport/node_modules/express/lib/router/route.js:131:13)
    at Route.dispatch (/opt/gluu/node/passport/node_modules/express/lib/router/route.js:112:3)
    at Layer.handle [as handle_request] (/opt/gluu/node/passport/node_modules/express/lib/router/layer.js:95:5)
    at /opt/gluu/node/passport/node_modules/express/lib/router/index.js:277:22
    at param (/opt/gluu/node/passport/node_modules/express/lib/router/index.js:349:14)
    at param (/opt/gluu/node/passport/node_modules/express/lib/router/index.js:365:14)
    at param (/opt/gluu/node/passport/node_modules/express/lib/router/index.js:365:14)
    at Function.process_params (/opt/gluu/node/passport/node_modules/express/lib/router/index.js:410:3)
    at next (/opt/gluu/node/passport/node_modules/express/lib/router/index.js:271:10)
    at Function.handle (/opt/gluu/node/passport/node_modules/express/lib/router/index.js:176:3)
    at router (/opt/gluu/node/passport/node_modules/express/lib/router/index.js:46:12)
    at Layer.handle [as handle_request] (/opt/gluu/node/passport/node_modules/express/lib/router/layer.js:95:5)
    at trim_prefix (/opt/gluu/node/passport/node_modules/express/lib/router/index.js:312:13)
    at /opt/gluu/node/passport/node_modules/express/lib/router/index.js:280:7
    at Function.process_params (/opt/gluu/node/passport/node_modules/express/lib/router/index.js:330:12)
    at next (/opt/gluu/node/passport/node_modules/express/lib/router/index.js:271:10)
    at SessionStrategy.strategy.pass (/opt/gluu/node/passport/node_modules/passport/lib/middleware/authenticate.js:325:9)
    at SessionStrategy.authenticate (/opt/gluu/node/passport/node_modules/passport/lib/strategies/session.js:71:10)
Sat, 26 Aug 2017 10:27:40 GMT express deprecated res.send(status, body): Use res.status(status).send(body) instead at app.js:83:16
